[debug] [2022-04-11T06:56:19.965Z] ----------------------------------------------------------------------
[debug] [2022-04-11T06:56:19.967Z] Command:       C:\Program Files\nodejs\node.exe C:\Users\Hanzala\AppData\Roaming\npm\node_modules\firebase-tools\lib\bin\firebase.js deploy
[debug] [2022-04-11T06:56:19.968Z] CLI Version:   10.1.2
[debug] [2022-04-11T06:56:19.968Z] Platform:      win32
[debug] [2022-04-11T06:56:19.968Z] Node Version:  v16.13.2
[debug] [2022-04-11T06:56:19.969Z] Time:          Mon Apr 11 2022 11:56:19 GMT+0500 (Pakistan Standard Time)
[debug] [2022-04-11T06:56:19.969Z] ----------------------------------------------------------------------
[debug] 
[debug] [2022-04-11T06:56:20.034Z] > command requires scopes: ["email","openid","https://www.googleapis.com/auth/cloudplatformprojects.readonly","https://www.googleapis.com/auth/firebase","https://www.googleapis.com/auth/cloud-platform"]
[debug] [2022-04-11T06:56:20.034Z] > authorizing via signed-in user (hanzala.ahmed181@gmail.com)
[debug] [2022-04-11T06:56:20.034Z] [iam] checking project jawantechweb for permissions ["firebase.projects.get","firebasehosting.sites.update"]
[debug] [2022-04-11T06:56:20.037Z] >>> HTTP REQUEST POST https://cloudresourcemanager.googleapis.com/v1/projects/jawantechweb:testIamPermissions  
 {"permissions":["firebase.projects.get","firebasehosting.sites.update"]}
[debug] [2022-04-11T06:56:22.039Z] <<< HTTP RESPONSE 200 {"content-type":"application/json; charset=UTF-8","vary":"X-Origin, Referer, Origin,Accept-Encoding","date":"Mon, 11 Apr 2022 06:56:21 GMT","server":"ESF","cache-control":"private","x-xss-protection":"0","x-frame-options":"SAMEORIGIN","x-content-type-options":"nosniff","server-timing":"gfet4t7; dur=1204","alt-svc":"h3=\":443\"; ma=2592000,h3-29=\":443\"; ma=2592000,h3-Q050=\":443\"; ma=2592000,h3-Q046=\":443\"; ma=2592000,h3-Q043=\":443\"; ma=2592000,quic=\":443\"; ma=2592000; v=\"46,43\"","accept-ranges":"none","transfer-encoding":"chunked"}
[debug] [2022-04-11T06:56:22.052Z] > refreshing access token with scopes: []
[debug] [2022-04-11T06:56:22.052Z] >>> HTTP REQUEST POST https://www.googleapis.com/oauth2/v3/token  
 <request body omitted>
[debug] [2022-04-11T06:56:22.819Z] <<< HTTP RESPONSE 200 {"expires":"Mon, 01 Jan 1990 00:00:00 GMT","pragma":"no-cache","date":"Mon, 11 Apr 2022 06:56:22 GMT","cache-control":"no-cache, no-store, max-age=0, must-revalidate","content-type":"application/json; charset=utf-8","vary":"X-Origin, Referer, Origin,Accept-Encoding","server":"scaffolding on HTTPServer2","x-xss-protection":"0","x-frame-options":"SAMEORIGIN","x-content-type-options":"nosniff","alt-svc":"h3=\":443\"; ma=2592000,h3-29=\":443\"; ma=2592000,h3-Q050=\":443\"; ma=2592000,h3-Q046=\":443\"; ma=2592000,h3-Q043=\":443\"; ma=2592000,quic=\":443\"; ma=2592000; v=\"46,43\"","accept-ranges":"none","transfer-encoding":"chunked"}
[debug] [2022-04-11T06:56:22.839Z] >>> [apiv2][query] GET https://firebase.googleapis.com/v1beta1/projects/jawantechweb [none]
[debug] [2022-04-11T06:56:23.776Z] <<< [apiv2][status] GET https://firebase.googleapis.com/v1beta1/projects/jawantechweb 200
[debug] [2022-04-11T06:56:23.776Z] <<< [apiv2][body] GET https://firebase.googleapis.com/v1beta1/projects/jawantechweb {"projectId":"jawantechweb","projectNumber":"801842545591","displayName":"jawantechweb","name":"projects/jawantechweb","resources":{"hostingSite":"jawantechweb"},"state":"ACTIVE"}
[info] 
[info] === Deploying to 'jawantechweb'...
[info] 
[info] i  deploying hosting 
[debug] [2022-04-11T06:56:23.790Z] > refreshing access token with scopes: ["email","https://www.googleapis.com/auth/cloud-platform","https://www.googleapis.com/auth/cloudplatformprojects.readonly","https://www.googleapis.com/auth/firebase","openid"]
[debug] [2022-04-11T06:56:23.791Z] >>> HTTP REQUEST POST https://www.googleapis.com/oauth2/v3/token  
 <request body omitted>
[debug] [2022-04-11T06:56:24.528Z] <<< HTTP RESPONSE 200 {"pragma":"no-cache","expires":"Mon, 01 Jan 1990 00:00:00 GMT","cache-control":"no-cache, no-store, max-age=0, must-revalidate","date":"Mon, 11 Apr 2022 06:56:24 GMT","content-type":"application/json; charset=utf-8","vary":"X-Origin, Referer, Origin,Accept-Encoding","server":"scaffolding on HTTPServer2","x-xss-protection":"0","x-frame-options":"SAMEORIGIN","x-content-type-options":"nosniff","alt-svc":"h3=\":443\"; ma=2592000,h3-29=\":443\"; ma=2592000,h3-Q050=\":443\"; ma=2592000,h3-Q046=\":443\"; ma=2592000,h3-Q043=\":443\"; ma=2592000,quic=\":443\"; ma=2592000; v=\"46,43\"","accept-ranges":"none","transfer-encoding":"chunked"}
[debug] [2022-04-11T06:56:24.575Z] >>> HTTP REQUEST POST https://firebasehosting.googleapis.com/v1beta1/sites/jawantechweb/versions  
 {"config":{"rewrites":[{"glob":"**","path":"/index.html"}]},"labels":{"deployment-tool":"cli-firebase"}}
[debug] [2022-04-11T06:56:27.168Z] <<< HTTP RESPONSE 200 {"content-type":"application/json; charset=UTF-8","vary":"X-Origin, Referer, Origin,Accept-Encoding","date":"Mon, 11 Apr 2022 06:56:27 GMT","server":"ESF","cache-control":"private","x-xss-protection":"0","x-frame-options":"SAMEORIGIN","x-content-type-options":"nosniff","alt-svc":"h3=\":443\"; ma=2592000,h3-29=\":443\"; ma=2592000,h3-Q050=\":443\"; ma=2592000,h3-Q046=\":443\"; ma=2592000,h3-Q043=\":443\"; ma=2592000,quic=\":443\"; ma=2592000; v=\"46,43\"","accept-ranges":"none","transfer-encoding":"chunked"}
[info] i  hosting[jawantechweb]: beginning deploy... 
[info] i  hosting[jawantechweb]: found 27 files in build 
[debug] [2022-04-11T06:56:27.234Z] > refreshing access token with scopes: []
[debug] [2022-04-11T06:56:27.234Z] >>> HTTP REQUEST POST https://www.googleapis.com/oauth2/v3/token  
 <request body omitted>
[debug] [2022-04-11T06:56:27.237Z] [hosting] hash cache [YnVpbGQ] stored for 27 files
[debug] [2022-04-11T06:56:27.237Z] [hosting][hash queue][FINAL] {"max":7,"min":0,"avg":0,"active":0,"complete":27,"success":27,"errored":0,"retried":0,"total":27,"elapsed":12}
[debug] [2022-04-11T06:56:27.957Z] <<< HTTP RESPONSE 200 {"cache-control":"no-cache, no-store, max-age=0, must-revalidate","date":"Mon, 11 Apr 2022 06:56:27 GMT","pragma":"no-cache","expires":"Mon, 01 Jan 1990 00:00:00 GMT","content-type":"application/json; charset=utf-8","vary":"X-Origin, Referer, Origin,Accept-Encoding","server":"scaffolding on HTTPServer2","x-xss-protection":"0","x-frame-options":"SAMEORIGIN","x-content-type-options":"nosniff","alt-svc":"h3=\":443\"; ma=2592000,h3-29=\":443\"; ma=2592000,h3-Q050=\":443\"; ma=2592000,h3-Q046=\":443\"; ma=2592000,h3-Q043=\":443\"; ma=2592000,quic=\":443\"; ma=2592000; v=\"46,43\"","accept-ranges":"none","transfer-encoding":"chunked"}
[debug] [2022-04-11T06:56:27.970Z] >>> [apiv2][query] POST https://firebasehosting.googleapis.com/v1beta1/sites/jawantechweb/versions/89a243bdbe151614:populateFiles [none]
[debug] [2022-04-11T06:56:27.970Z] >>> [apiv2][body] POST https://firebasehosting.googleapis.com/v1beta1/sites/jawantechweb/versions/89a243bdbe151614:populateFiles {"files":{"/asset-manifest.json":"b7f8d26b878b9d1fc729d93de08c471bcdcd549e3d226ab7a317b75a9b529617","/favicon.ico":"eae62e993eb980ec8a25058c39d5a51feab118bd2100c4deebb2a9c158ec11f9","/index.html":"2a9cac7109ef2ad66567b61e5c9862624a67ba89f15c25b18cd8ce18ee779e38","/logo192.png":"3ee59515172ee198f3be375979df15ac5345183e656720a381b8872b2a39dc8b","/logo512.png":"ee7e2f3fdb8209c4b6fd7bef6ba50d1b9dba30a25bb5c3126df057e1cb6f5331","/manifest.json":"aff3449bdc238776f5d6d967f19ec491b36aed5fb7f23ccff6500736fd58494a","/robots.txt":"bfe106a3fb878dc83461c86818bf74fc1bdc7f28538ba613cd3e775516ce8b49","/static/css/main.986d2550.css":"5425bdd65cb669ecd61189948ea335b4ef683c73666d3f0123348be7b4fd66ef","/static/css/main.986d2550.css.map":"aa98afd454080121fa1ae880ccdf686bf21ad79ec6fe20f29b427c6fb67a6af0","/static/js/main.f1b850da.js":"a09cb12d24f0ea7e37ecdb9091049c94f0d4a093583fee81b1d8d80eebf496a6","/static/js/main.f1b850da.js.LICENSE.txt":"da749c2fc25cadd9aa2221bbc81002303e3f84385aa3777eb6da869a937919d6","/static/js/main.f1b850da.js.map":"75e75dc48b728d6123275057a64291789c19efb108c26e1cec58bd54482f228f","/static/media/3dBoxPS.50331ba504fa44a669ec.png":"81f548a94f32fe4248a8a7441b935753a4e234c7051cdd05c4beb1c92e5ce18b","/static/media/3dBoxReact.dcb8a1f1c703a636ba5e.png":"3a8e2eb32910e7fd48e7e2ae2393434bf2452417a555e4193582b88afdf5b41a","/static/media/3dBoxWordpress.18a5dfac94475b5fd62e.png":"82b421f9ccbfe16dcfd72336156c3f059d13ac69a581d9f1e91b6f256a856f56","/static/media/AboutUs.f5c1af422d15676d750e.png":"fb1af802f427115d99b0a0aea17a05582377ce9e39f631fc402f8e957db93c89","/static/media/contentImage1.0a7cdc9dc11883100d81.png":"eef7d089f207fa8348dd037e8b865fe6f0ec7d9be0787584d8550a93753c5d09","/static/media/contentImage2.ec14dd6520ef9fe10c41.png":"364804a3aba3bd33608fb352d219f57c04b98b8eefc62a0f2572ccca10e1d091","/static/media/contentImage3.405006db004b44ced6f8.png":"4d05fd1d684fd937d162383f24e4c91ad27648a09103b1601892f819defb25e8","/static/media/contentImage4.08611b44acbf125aca61.png":"521ff17db49f039eacae7f555e0f8290121e82cbd9bce9f5ed45aff201ade7a6","/static/media/contentImage5.ad0e1698c3f5deed2e65.png":"8d781debfb20d28e5523e19e36965c5a3ed34c6f5c76f1ea5582937c017a1265","/static/media/github.2cc0551e669046d65340.png":"189c29c026b1c980116fd6b70a316e10c861c4fec3af5df76b1ee911795267ef","/static/media/google.ab03d78037be65c98fc4.png":"8346eebc1049ce2694a267f73fa9d59e9d903ce8c34bd00c8f94187e060c9493","/static/media/sectionBackground.2131370ac12a0264e401.png":"4dbb5c8f3c4b5218cebe39079b954182178b4446ee8e82aa02fbd744cc540864","/static/media/SliderBtmWaveBox.0b67ff0ab4bbe1af202a.png":"5a18dcdaba990e7a0e61f03cbcc117e09c2e1e36cc34fc4102c7bb40d3eddc61","/static/media/whyUs.db11e466b69f82dfcfc1.png":"afd91c3e2270198404b609225a83581d069067eb63d6b5d5718d3c92d287621f","/static/media/whyusImg1.2603e34e1045a202479a.png":"27d7a7bc7da7098095cecff286557a62025c462e743a1cd88d69e0d14e017356"}}
